\BOOKMARK [1][-]{toc1.1}{\376\377\000C\000o\000n\000t\000e\000n\000t\000s}{}% 1
\BOOKMARK [1][-]{section.1}{\376\377\0001\000\040\000B\000a\000c\000k\000g\000r\000o\000u\000n\000d}{}% 2
\BOOKMARK [1][-]{section.2}{\376\377\0002\000\040\000D\000i\000s\000c\000l\000a\000i\000m\000e\000r}{}% 3
\BOOKMARK [1][-]{section.3}{\376\377\0003\000\040\000a\000p\000a\0007\000\040\000V\000e\000r\000s\000i\000o\000n\000\040\0002\000.\0000\0001\000\040\000C\000h\000a\000n\000g\000e\000s\000\040\000t\000o\000\040\000A\000u\000t\000h\000o\000r\000s\000\040\000a\000n\000d\000\040\000A\000f\000f\000i\000l\000i\000a\000t\000i\000o\000n\000s}{}% 4
\BOOKMARK [1][-]{section.4}{\376\377\0004\000\040\000U\000s\000a\000g\000e}{}% 5
\BOOKMARK [2][-]{subsection.4.1}{\376\377\0004\000.\0001\000\040\000C\000l\000a\000s\000s\000\040\000O\000p\000t\000i\000o\000n\000s}{section.4}% 6
\BOOKMARK [2][-]{subsection.4.2}{\376\377\0004\000.\0002\000\040\000D\000o\000c\000u\000m\000e\000n\000t\000\040\000P\000r\000e\000a\000m\000b\000l\000e}{section.4}% 7
\BOOKMARK [3][-]{subsubsection.4.2.1}{\376\377\0004\000.\0002\000.\0001\000\040\000D\000o\000c\000u\000m\000e\000n\000t\000\040\000T\000i\000t\000l\000e\000\040\000a\000n\000d\000\040\000H\000e\000a\000d\000e\000r\000s}{subsection.4.2}% 8
\BOOKMARK [3][-]{subsubsection.4.2.2}{\376\377\0004\000.\0002\000.\0002\000\040\000A\000u\000t\000h\000o\000r\000s\000\040\000a\000n\000d\000\040\000A\000f\000f\000i\000l\000i\000a\000t\000i\000o\000n\000s}{subsection.4.2}% 9
\BOOKMARK [3][-]{subsubsection.4.2.3}{\376\377\0004\000.\0002\000.\0003\000\040\000T\000i\000t\000l\000e\000\040\000P\000a\000g\000e\000\040\000I\000n\000f\000o\000r\000m\000a\000t\000i\000o\000n}{subsection.4.2}% 10
\BOOKMARK [2][-]{subsection.4.3}{\376\377\0004\000.\0003\000\040\000M\000a\000k\000e\000t\000i\000t\000l\000e}{section.4}% 11
\BOOKMARK [2][-]{subsection.4.4}{\376\377\0004\000.\0004\000\040\000H\000e\000a\000d\000i\000n\000g\000\040\000L\000e\000v\000e\000l\000s}{section.4}% 12
\BOOKMARK [2][-]{subsection.4.5}{\376\377\0004\000.\0005\000\040\000E\000n\000u\000m\000e\000r\000a\000t\000i\000o\000n}{section.4}% 13
\BOOKMARK [2][-]{subsection.4.6}{\376\377\0004\000.\0006\000\040\000O\000t\000h\000e\000r\000\040\000M\000a\000c\000r\000o\000s}{section.4}% 14
\BOOKMARK [2][-]{subsection.4.7}{\376\377\0004\000.\0007\000\040\000A\000p\000p\000e\000n\000d\000i\000c\000e\000s}{section.4}% 15
\BOOKMARK [1][-]{section.5}{\376\377\0005\000\040\000K\000n\000o\000w\000n\000\040\000L\000i\000m\000i\000t\000a\000t\000i\000o\000n\000s}{}% 16
\BOOKMARK [1][-]{section.6}{\376\377\0006\000\040\000D\000e\000v\000e\000l\000o\000p\000m\000e\000n\000t\000\040\000o\000f\000\040\000a\000p\000a\0007}{}% 17
\BOOKMARK [2][-]{subsection.6.1}{\376\377\0006\000.\0001\000\040\000S\000e\000c\000t\000i\000o\000n\000\040\000H\000e\000a\000d\000i\000n\000g\000s}{section.6}% 18
\BOOKMARK [2][-]{subsection.6.2}{\376\377\0006\000.\0002\000\040\000A\000u\000t\000h\000o\000r\000\040\000N\000o\000t\000e}{section.6}% 19
\BOOKMARK [1][-]{section.7}{\376\377\0007\000\040\000F\000e\000a\000t\000u\000r\000e\000s}{}% 20
\BOOKMARK [2][-]{subsection.7.1}{\376\377\0007\000.\0001\000\040\000M\000a\000s\000k\000e\000d\000\040\000R\000e\000f\000e\000r\000e\000n\000c\000e\000s}{section.7}% 21
\BOOKMARK [2][-]{subsection.7.2}{\376\377\0007\000.\0002\000\040\000R\000e\000p\000o\000s\000i\000t\000i\000o\000n\000e\000d\000\040\000F\000l\000o\000a\000t\000s}{section.7}% 22
\BOOKMARK [2][-]{subsection.7.3}{\376\377\0007\000.\0003\000\040\000U\000s\000e\000r\000-\000d\000e\000f\000i\000n\000e\000d\000\040\000F\000o\000n\000t\000\040\000S\000i\000z\000e}{section.7}% 23
\BOOKMARK [2][-]{subsection.7.4}{\376\377\0007\000.\0004\000\040\000W\000a\000t\000e\000r\000m\000a\000r\000k}{section.7}% 24
\BOOKMARK [2][-]{subsection.7.5}{\376\377\0007\000.\0005\000\040\000F\000l\000e\000x\000i\000b\000l\000e\000\040\000B\000i\000b\000l\000i\000o\000g\000r\000a\000p\000h\000i\000e\000s}{section.7}% 25
\BOOKMARK [3][-]{subsubsection.7.5.1}{\376\377\0007\000.\0005\000.\0001\000\040\000b\000i\000b\000l\000a\000t\000e\000x}{subsection.7.5}% 26
\BOOKMARK [3][-]{subsubsection.7.5.2}{\376\377\0007\000.\0005\000.\0002\000\040\000a\000p\000a\000c\000i\000t\000e}{subsection.7.5}% 27
\BOOKMARK [3][-]{subsubsection.7.5.3}{\376\377\0007\000.\0005\000.\0003\000\040\000n\000a\000t\000b\000i\000b}{subsection.7.5}% 28
\BOOKMARK [2][-]{subsection.7.6}{\376\377\0007\000.\0006\000\040\000K\000e\000y\000w\000o\000r\000d\000s}{section.7}% 29
\BOOKMARK [2][-]{subsection.7.7}{\376\377\0007\000.\0007\000\040\000F\000l\000o\000a\000t\000\040\000P\000l\000a\000c\000e\000m\000e\000n\000t}{section.7}% 30
\BOOKMARK [1][-]{section.8}{\376\377\0008\000\040\000D\000e\000p\000e\000n\000d\000e\000n\000c\000i\000e\000s}{}% 31
\BOOKMARK [1][-]{section.9}{\376\377\0009\000\040\000E\000x\000a\000m\000p\000l\000e\000s}{}% 32
\BOOKMARK [2][-]{subsection.9.1}{\376\377\0009\000.\0001\000\040\000s\000h\000o\000r\000t\000s\000a\000m\000p\000l\000e\000.\000t\000e\000x}{section.9}% 33
\BOOKMARK [2][-]{subsection.9.2}{\376\377\0009\000.\0002\000\040\000s\000h\000o\000r\000t\000s\000a\000m\000p\000l\000e\000.\000p\000d\000f}{section.9}% 34
\BOOKMARK [1][-]{glossary2.1}{\376\377\000C\000h\000a\000n\000g\000e\000\040\000H\000i\000s\000t\000o\000r\000y}{}% 35
